#
# There is insufficient memory for the Java Runtime Environment to continue.
# Native memory allocation (mmap) failed to map 134217728 bytes for G1 virtual space
# Possible reasons:
#   The system is out of physical RAM or swap space
#   The process is running with CompressedOops enabled, and the Java Heap may be blocking the growth of the native heap
# Possible solutions:
#   Reduce memory load on the system
#   Increase physical memory or swap space
#   Check if swap backing store is full
#   Decrease Java heap size (-Xmx/-Xms)
#   Decrease number of Java threads
#   Decrease Java thread stack sizes (-Xss)
#   Set larger code cache with -XX:ReservedCodeCacheSize=
#   JVM is running with Unscaled Compressed Oops mode in which the Java heap is
#     placed in the first 4GB address space. The Java Heap base address is the
#     maximum limit for the native heap growth. Please use -XX:HeapBaseMinAddress
#     to set the Java Heap base and to place the Java Heap above 4GB virtual address.
# This output file may be truncated or incomplete.
#
#  Out of Memory Error (os_windows.cpp:3825), pid=17968, tid=3996
#
# JRE version:  (17.0.10) (build )
# Java VM: OpenJDK 64-Bit Server VM (17.0.10+0--11609105, mixed mode, sharing, tiered, compressed oops, compressed class ptrs, g1 gc, windows-amd64)
# No core dump will be written. Minidumps are not enabled by default on client versions of Windows
#

---------------  S U M M A R Y ------------

Command Line: -Djava.awt.headless=true -Djava.util.logging.config.file=C:\Users\WAzmy\.android\utp\logging18168561197100255642properties -Dfile.encoding=UTF-8 com.google.testing.platform.launcher.Launcher C:\Users\WAzmy\.gradle\caches\modules-2\files-2.1\com.google.testing.platform\core\0.0.9-alpha02\8d72767495b76dfdfe1a4f02bab67cb035da816d\core-0.0.9-alpha02.jar --proto_config=C:\Users\WAzmy\.android\utp\runnerConfig17203853323971645359.pb --proto_server_config=C:\Users\WAzmy\.android\utp\serverConfig17164146765963134654.pb

Host: Intel(R) Core(TM) i7-8550U CPU @ 1.80GHz, 8 cores, 7G,  Windows 10 , 64 bit Build 19041 (10.0.19041.4597)
Time: Mon Aug  5 15:26:52 2024 Egypt Daylight Time elapsed time: 0.220946 seconds (0d 0h 0m 0s)

---------------  T H R E A D  ---------------

Current thread (0x000002b1cc6f2f00):  JavaThread "Unknown thread" [_thread_in_vm, id=3996, stack(0x000000cf29d00000,0x000000cf29e00000)]

Stack: [0x000000cf29d00000,0x000000cf29e00000]
Native frames: (J=compiled Java code, j=interpreted, Vv=VM code, C=native code)
V  [jvm.dll+0x688de9]
V  [jvm.dll+0x8423da]
V  [jvm.dll+0x84401e]
V  [jvm.dll+0x844683]
V  [jvm.dll+0x24be0f]
V  [jvm.dll+0x685bb9]
V  [jvm.dll+0x67a46a]
V  [jvm.dll+0x30cbab]
V  [jvm.dll+0x314056]
V  [jvm.dll+0x363dce]
V  [jvm.dll+0x363fff]
V  [jvm.dll+0x2e2978]
V  [jvm.dll+0x2e38e4]
V  [jvm.dll+0x812f71]
V  [jvm.dll+0x371c81]
V  [jvm.dll+0x7f1ac6]
V  [jvm.dll+0x3f58df]
V  [jvm.dll+0x3f7511]
C  [jli.dll+0x528f]
C  [ucrtbase.dll+0x21bb2]
C  [KERNEL32.DLL+0x17374]
C  [ntdll.dll+0x4cc91]


---------------  P R O C E S S  ---------------

Threads class SMR info:
_java_thread_list=0x00007ffefabdef58, length=0, elements={
}

Java Threads: ( => current thread )

Other Threads:
  0x000002b1cc74d480 GCTaskThread "GC Thread#0" [stack: 0x000000cf29e00000,0x000000cf29f00000] [id=14740]
  0x000002b1cc75e090 ConcurrentGCThread "G1 Main Marker" [stack: 0x000000cf29f00000,0x000000cf2a000000] [id=9148]
  0x000002b1cc75eab0 ConcurrentGCThread "G1 Conc#0" [stack: 0x000000cf2a000000,0x000000cf2a100000] [id=8792]

[error occurred during error reporting (printing all threads), id 0xc0000005, EXCEPTION_ACCESS_VIOLATION (0xc0000005) at pc=0x00007ffefa393547]

VM state: not at safepoint (not fully initialized)

VM Mutex/Monitor currently owned by a thread:  ([mutex/lock_event])
[0x000002b1cc6ee460] Heap_lock - owner thread: 0x000002b1cc6f2f00

Heap address: 0x0000000081a00000, size: 2022 MB, Compressed Oops mode: 32-bit

CDS archive(s) mapped at: [0x0000000000000000-0x0000000000000000-0x0000000000000000), size 0, SharedBaseAddress: 0x0000000800000000, ArchiveRelocationMode: 1.
Narrow klass base: 0x0000000000000000, Narrow klass shift: 0, Narrow klass range: 0x0

GC Precious Log:
<Empty>

Heap:
 garbage-first heap   total 0K, used 0K [0x0000000081a00000, 0x0000000100000000)
  region size 1024K, 0 young (0K), 0 survivors (0K)
 Metaspace       used 0K, committed 0K, reserved 0K
  class space    used 0K, committed 0K, reserved 0K

Heap Regions: E=young(eden), S=young(survivor), O=old, HS=humongous(starts), HC=humongous(continues), CS=collection set, F=free, OA=open archive, CA=closed archive, TAMS=top-at-mark-start (previous, next)

Card table byte_map: [0x000002b1e1220000,0x000002b1e1620000] _byte_map_base: 0x000002b1e0e13000

Marking Bits (Prev, Next): (CMBitMap*) 0x000002b1cc74daa0, (CMBitMap*) 0x000002b1cc74dae0
 Prev Bits: [0x000002b1e1a20000, 0x000002b1e39b8000)
 Next Bits: [0x000002b1e39c0000, 0x000002b1e5958000)

GC Heap History (0 events):
No events

Dll operation events (1 events):
Event: 0.083 Loaded shared library C:\Program Files\Android\Android Studio\jbr\bin\java.dll

Deoptimization events (0 events):
No events

Classes unloaded (0 events):
No events

Classes redefined (0 events):
No events

Internal exceptions (0 events):
No events

VM Operations (0 events):
No events

Events (0 events):
No events


Dynamic libraries:
0x00007ff72d660000 - 0x00007ff72d66a000 	C:\Program Files\Android\Android Studio\jbr\bin\java.exe
0x00007fff9a290000 - 0x00007fff9a488000 	C:\Windows\SYSTEM32\ntdll.dll
0x00007fff99810000 - 0x00007fff998d1000 	C:\Windows\System32\KERNEL32.DLL
0x00007fff97fc0000 - 0x00007fff982b6000 	C:\Windows\System32\KERNELBASE.dll
0x00007fff97570000 - 0x00007fff976bc000 	C:\Windows\system32\hmpalert.dll
0x00007fff97bb0000 - 0x00007fff97cb0000 	C:\Windows\System32\ucrtbase.dll
0x00007fff8eea0000 - 0x00007fff8eebb000 	C:\Program Files\Android\Android Studio\jbr\bin\VCRUNTIME140.dll
0x00007fff6c650000 - 0x00007fff6c667000 	C:\Program Files\Android\Android Studio\jbr\bin\jli.dll
0x00007fff99c50000 - 0x00007fff99def000 	C:\Windows\System32\USER32.dll
0x00007fff979b0000 - 0x00007fff979d2000 	C:\Windows\System32\win32u.dll
0x00007fff99270000 - 0x00007fff9929b000 	C:\Windows\System32\GDI32.dll
0x00007fff979e0000 - 0x00007fff97af7000 	C:\Windows\System32\gdi32full.dll
0x00007fff97f20000 - 0x00007fff97fbd000 	C:\Windows\System32\msvcp_win.dll
0x00007fff7e1a0000 - 0x00007fff7e43a000 	C:\Windows\WinSxS\amd64_microsoft.windows.common-controls_6595b64144ccf1df_6.0.19041.4355_none_60b8b9eb71f62e16\COMCTL32.dll
0x00007fff99140000 - 0x00007fff991de000 	C:\Windows\System32\msvcrt.dll
0x00007fff99110000 - 0x00007fff9913f000 	C:\Windows\System32\IMM32.DLL
0x00007fff93b90000 - 0x00007fff93b9c000 	C:\Program Files\Android\Android Studio\jbr\bin\vcruntime140_1.dll
0x00007fff684d0000 - 0x00007fff6855d000 	C:\Program Files\Android\Android Studio\jbr\bin\msvcp140.dll
0x00007ffefa0a0000 - 0x00007ffefad23000 	C:\Program Files\Android\Android Studio\jbr\bin\server\jvm.dll
0x00007fff98f40000 - 0x00007fff98ff0000 	C:\Windows\System32\ADVAPI32.dll
0x00007fff99710000 - 0x00007fff997b0000 	C:\Windows\System32\sechost.dll
0x00007fff99370000 - 0x00007fff99493000 	C:\Windows\System32\RPCRT4.dll
0x00007fff97e10000 - 0x00007fff97e37000 	C:\Windows\System32\bcrypt.dll
0x00007fff92c70000 - 0x00007fff92c7a000 	C:\Windows\SYSTEM32\VERSION.dll
0x00007fff7c530000 - 0x00007fff7c557000 	C:\Windows\SYSTEM32\WINMM.dll
0x00007fff96d20000 - 0x00007fff96d6b000 	C:\Windows\SYSTEM32\POWRPROF.dll
0x00007fff68400000 - 0x00007fff68409000 	C:\Windows\SYSTEM32\WSOCK32.dll
0x00007fff99300000 - 0x00007fff9936b000 	C:\Windows\System32\WS2_32.dll
0x00007fff96be0000 - 0x00007fff96bf2000 	C:\Windows\SYSTEM32\UMPDC.dll
0x00007fff95560000 - 0x00007fff95572000 	C:\Windows\SYSTEM32\kernel.appcore.dll
0x00007fff943d0000 - 0x00007fff943da000 	C:\Program Files\Android\Android Studio\jbr\bin\jimage.dll
0x00007fff95140000 - 0x00007fff95324000 	C:\Windows\SYSTEM32\DBGHELP.DLL
0x00007fff8e840000 - 0x00007fff8e874000 	C:\Windows\SYSTEM32\dbgcore.DLL
0x00007fff97e40000 - 0x00007fff97ec2000 	C:\Windows\System32\bcryptPrimitives.dll
0x00007fff8ea20000 - 0x00007fff8ea45000 	C:\Program Files\Android\Android Studio\jbr\bin\java.dll

dbghelp: loaded successfully - version: 4.0.5 - missing functions: none
symbol engine: initialized successfully - sym options: 0x614 - pdb path: .;C:\Program Files\Android\Android Studio\jbr\bin;C:\Windows\SYSTEM32;C:\Windows\WinSxS\amd64_microsoft.windows.common-controls_6595b64144ccf1df_6.0.19041.4355_none_60b8b9eb71f62e16;C:\Program Files\Android\Android Studio\jbr\bin\server

VM Arguments:
jvm_args: -Djava.awt.headless=true -Djava.util.logging.config.file=C:\Users\WAzmy\.android\utp\logging18168561197100255642properties -Dfile.encoding=UTF-8 
java_command: com.google.testing.platform.launcher.Launcher C:\Users\WAzmy\.gradle\caches\modules-2\files-2.1\com.google.testing.platform\core\0.0.9-alpha02\8d72767495b76dfdfe1a4f02bab67cb035da816d\core-0.0.9-alpha02.jar --proto_config=C:\Users\WAzmy\.android\utp\runnerConfig17203853323971645359.pb --proto_server_config=C:\Users\WAzmy\.android\utp\serverConfig17164146765963134654.pb
java_class_path (initial): C:\Users\WAzmy\.gradle\caches\modules-2\files-2.1\com.google.testing.platform\launcher\0.0.9-alpha02\f43549bd43bd4df370cfa9bcf93793e7b9cb217\launcher-0.0.9-alpha02.jar
Launcher Type: SUN_STANDARD

[Global flags]
     intx CICompilerCount                          = 4                                         {product} {ergonomic}
     uint ConcGCThreads                            = 2                                         {product} {ergonomic}
     uint G1ConcRefinementThreads                  = 8                                         {product} {ergonomic}
   size_t G1HeapRegionSize                         = 1048576                                   {product} {ergonomic}
    uintx GCDrainStackTargetSize                   = 64                                        {product} {ergonomic}
   size_t InitialHeapSize                          = 134217728                                 {product} {ergonomic}
   size_t MarkStackSize                            = 4194304                                   {product} {ergonomic}
   size_t MaxHeapSize                              = 2120220672                                {product} {ergonomic}
   size_t MinHeapDeltaBytes                        = 1048576                                   {product} {ergonomic}
   size_t MinHeapSize                              = 8388608                                   {product} {ergonomic}
    uintx NonNMethodCodeHeapSize                   = 5839372                                {pd product} {ergonomic}
    uintx NonProfiledCodeHeapSize                  = 122909434                              {pd product} {ergonomic}
    uintx ProfiledCodeHeapSize                     = 122909434                              {pd product} {ergonomic}
    uintx ReservedCodeCacheSize                    = 251658240                              {pd product} {ergonomic}
     bool SegmentedCodeCache                       = true                                      {product} {ergonomic}
   size_t SoftMaxHeapSize                          = 2120220672                             {manageable} {ergonomic}
     bool UseCompressedClassPointers               = true                           {product lp64_product} {ergonomic}
     bool UseCompressedOops                        = true                           {product lp64_product} {ergonomic}
     bool UseG1GC                                  = true                                      {product} {ergonomic}
     bool UseLargePagesIndividualAllocation        = false                                  {pd product} {ergonomic}

Logging:
Log output configuration:
 #0: stdout all=warning uptime,level,tags
 #1: stderr all=off uptime,level,tags

Environment Variables:
PATH=C:\Python312\Scripts\;C:\Python312\;C:\Windows\system32;C:\Windows;C:\Windows\System32\Wbem;C:\Windows\System32\WindowsPowerShell\v1.0\;C:\Windows\System32\OpenSSH\;C:\Program Files\Microsoft SQL Server\150\Tools\Binn\;C:\Program Files\Microsoft SQL Server\Client SDK\ODBC\170\Tools\Binn\;C:\Program Files\dotnet\;C:\Program Files\nodejs\;C:\ProgramData\chocolatey\bin;C:\Program Files (x86)\Windows Kits\10\Windows Performance Toolkit\;C:\Users\WAzmy\AppData\Local\Programs\Python\Launcher\;C:\Users\WAzmy\AppData\Local\Microsoft\WindowsApps;C:\Users\WAzmy\.dotnet\tools;C:\Users\WAzmy\AppData\Local\Programs\Microsoft VS Code\bin;C:\Users\WAzmy\AppData\Roaming\npm;C:\Users\WAzmy\AppData\Local\Programs\Git\cmd
USERNAME=WAzmy
OS=Windows_NT
PROCESSOR_IDENTIFIER=Intel64 Family 6 Model 142 Stepping 10, GenuineIntel
TMP=C:\Users\WAzmy\AppData\Local\Temp
TEMP=C:\Users\WAzmy\AppData\Local\Temp



Periodic native trim disabled

JNI global refs:
JNI global refs: 0, weak refs: 0

JNI global refs memory usage: 0, weak refs: 0

OOME stack traces (most recent first):
Classloader memory used:


---------------  S Y S T E M  ---------------

OS:
 Windows 10 , 64 bit Build 19041 (10.0.19041.4597)
OS uptime: 5 days 15:24 hours

CPU: total 8 (initial active 8) (4 cores per cpu, 2 threads per core) family 6 model 142 stepping 10 microcode 0xf0, cx8, cmov, fxsr, ht, mmx, 3dnowpref, sse, sse2, sse3, ssse3, sse4.1, sse4.2, popcnt, lzcnt, tsc, tscinvbit, avx, avx2, aes, erms, clmul, bmi1, bmi2, adx, fma, vzeroupper, clflush, clflushopt
Processor Information for all 8 processors :
  Max Mhz: 1992, Current Mhz: 1792, Mhz Limit: 1792

Memory: 4k page, system-wide physical 8083M (124M free)
TotalPageFile size 20083M (AvailPageFile size 107M)
current process WorkingSet (physical memory assigned to process): 10M, peak: 10M
current process commit charge ("private bytes"): 62M, peak: 190M

vm_info: OpenJDK 64-Bit Server VM (17.0.10+0--11609105) for windows-amd64 JRE (17.0.10+0--11609105), built on Mar 21 2024 19:10:56 by "androidbuild" with MS VC++ 16.10 / 16.11 (VS2019)

END.
