#
# There is insufficient memory for the Java Runtime Environment to continue.
# Native memory allocation (mmap) failed to map 65536 bytes for Failed to commit metaspace.
# Possible reasons:
#   The system is out of physical RAM or swap space
#   The process is running with CompressedOops enabled, and the Java Heap may be blocking the growth of the native heap
# Possible solutions:
#   Reduce memory load on the system
#   Increase physical memory or swap space
#   Check if swap backing store is full
#   Decrease Java heap size (-Xmx/-Xms)
#   Decrease number of Java threads
#   Decrease Java thread stack sizes (-Xss)
#   Set larger code cache with -XX:ReservedCodeCacheSize=
#   JVM is running with Unscaled Compressed Oops mode in which the Java heap is
#     placed in the first 4GB address space. The Java Heap base address is the
#     maximum limit for the native heap growth. Please use -XX:HeapBaseMinAddress
#     to set the Java Heap base and to place the Java Heap above 4GB virtual address.
# This output file may be truncated or incomplete.
#
#  Out of Memory Error (virtualSpaceNode.cpp:110), pid=2800, tid=16380
#
# JRE version: OpenJDK Runtime Environment (17.0.10) (build 17.0.10+0--11609105)
# Java VM: OpenJDK 64-Bit Server VM (17.0.10+0--11609105, mixed mode, tiered, compressed oops, compressed class ptrs, g1 gc, windows-amd64)
# No core dump will be written. Minidumps are not enabled by default on client versions of Windows
#

---------------  S U M M A R Y ------------

Command Line: git4idea.http.GitAskPassApp Username for 'https://github.com': 

Host: Intel(R) Core(TM) i7-8550U CPU @ 1.80GHz, 8 cores, 7G,  Windows 10 , 64 bit Build 19041 (10.0.19041.4597)
Time: Mon Aug  5 17:36:01 2024 Egypt Daylight Time elapsed time: 1.436220 seconds (0d 0h 0m 1s)

---------------  T H R E A D  ---------------

Current thread (0x000002512de55560):  JavaThread "main" [_thread_in_vm, id=16380, stack(0x000000af53b00000,0x000000af53c00000)]

Stack: [0x000000af53b00000,0x000000af53c00000]
Native frames: (J=compiled Java code, j=interpreted, Vv=VM code, C=native code)
V  [jvm.dll+0x688de9]
V  [jvm.dll+0x8423da]
V  [jvm.dll+0x84401e]
V  [jvm.dll+0x844683]
V  [jvm.dll+0x24be0f]
V  [jvm.dll+0x83d3bb]
V  [jvm.dll+0x62d4a6]
V  [jvm.dll+0x1c28ce]
V  [jvm.dll+0x62fe01]
V  [jvm.dll+0x62de46]
V  [jvm.dll+0x23facf]
V  [jvm.dll+0x637cf5]
V  [jvm.dll+0x1eeaab]
V  [jvm.dll+0x1eefe5]
V  [jvm.dll+0x1ef985]
V  [jvm.dll+0x1e4e1c]
V  [jvm.dll+0x54dd1c]
V  [jvm.dll+0x7bb7a5]
V  [jvm.dll+0x7bb8be]
V  [jvm.dll+0x41628a]
V  [jvm.dll+0x41c429]
C  [java.dll+0x17ec]

Java frames: (J=compiled Java code, j=interpreted, Vv=VM code)
j  java.lang.ClassLoader.defineClass1(Ljava/lang/ClassLoader;Ljava/lang/String;[BIILjava/security/ProtectionDomain;Ljava/lang/String;)Ljava/lang/Class;+0 java.base@17.0.10
j  java.lang.ClassLoader.defineClass(Ljava/lang/String;[BIILjava/security/ProtectionDomain;)Ljava/lang/Class;+27 java.base@17.0.10
j  java.lang.ClassLoader.defineClass(Ljava/lang/String;Ljava/nio/ByteBuffer;Ljava/security/ProtectionDomain;)Ljava/lang/Class;+38 java.base@17.0.10
j  java.security.SecureClassLoader.defineClass(Ljava/lang/String;Ljava/nio/ByteBuffer;Ljava/security/CodeSource;)Ljava/lang/Class;+8 java.base@17.0.10
j  jdk.internal.loader.BuiltinClassLoader.defineClass(Ljava/lang/String;Ljdk/internal/loader/BuiltinClassLoader$LoadedModule;)Ljava/lang/Class;+127 java.base@17.0.10
j  jdk.internal.loader.BuiltinClassLoader.findClassInModuleOrNull(Ljdk/internal/loader/BuiltinClassLoader$LoadedModule;Ljava/lang/String;)Ljava/lang/Class;+9 java.base@17.0.10
j  jdk.internal.loader.BuiltinClassLoader.loadClassOrNull(Ljava/lang/String;Z)Ljava/lang/Class;+55 java.base@17.0.10
j  jdk.internal.loader.BuiltinClassLoader.loadClass(Ljava/lang/String;Z)Ljava/lang/Class;+3 java.base@17.0.10
j  java.lang.ClassLoader.loadClass(Ljava/lang/String;)Ljava/lang/Class;+3 java.base@17.0.10
v  ~StubRoutines::call_stub
j  jdk.internal.net.http.HttpClientImpl.initFilters()V+8 java.net.http@17.0.10
j  jdk.internal.net.http.HttpClientImpl.<init>(Ljdk/internal/net/http/HttpClientBuilderImpl;Ljdk/internal/net/http/HttpClientImpl$SingleFacadeFactory;)V+515 java.net.http@17.0.10
j  jdk.internal.net.http.HttpClientImpl.create(Ljdk/internal/net/http/HttpClientBuilderImpl;)Ljdk/internal/net/http/HttpClientFacade;+14 java.net.http@17.0.10
j  jdk.internal.net.http.HttpClientBuilderImpl.build()Ljava/net/http/HttpClient;+1 java.net.http@17.0.10
j  externalApp.ExternalAppUtil.sendIdeRequest(Ljava/lang/String;ILjava/lang/String;Ljava/lang/String;)LexternalApp/ExternalAppUtil$Result;+77
j  git4idea.http.GitAskPassApp.main([Ljava/lang/String;)V+37
v  ~StubRoutines::call_stub

---------------  P R O C E S S  ---------------

Threads class SMR info:
_java_thread_list=0x000002514c174790, length=12, elements={
0x000002512de55560, 0x0000025147c3d260, 0x0000025147c3e880, 0x0000025147c26ca0,
0x0000025147c27760, 0x0000025147c288c0, 0x0000025147c2a760, 0x000002514c059340,
0x000002514c059c50, 0x000002514c05d4f0, 0x000002514c1be410, 0x000002514c1c4bb0
}

Java Threads: ( => current thread )
=>0x000002512de55560 JavaThread "main" [_thread_in_vm, id=16380, stack(0x000000af53b00000,0x000000af53c00000)]
  0x0000025147c3d260 JavaThread "Reference Handler" daemon [_thread_blocked, id=8012, stack(0x000000af54200000,0x000000af54300000)]
  0x0000025147c3e880 JavaThread "Finalizer" daemon [_thread_blocked, id=11756, stack(0x000000af54300000,0x000000af54400000)]
  0x0000025147c26ca0 JavaThread "Signal Dispatcher" daemon [_thread_blocked, id=11468, stack(0x000000af54400000,0x000000af54500000)]
  0x0000025147c27760 JavaThread "Attach Listener" daemon [_thread_blocked, id=5104, stack(0x000000af54500000,0x000000af54600000)]
  0x0000025147c288c0 JavaThread "Service Thread" daemon [_thread_blocked, id=13300, stack(0x000000af54600000,0x000000af54700000)]
  0x0000025147c2a760 JavaThread "Monitor Deflation Thread" daemon [_thread_blocked, id=264, stack(0x000000af54700000,0x000000af54800000)]
  0x000002514c059340 JavaThread "C2 CompilerThread0" daemon [_thread_blocked, id=18400, stack(0x000000af54800000,0x000000af54900000)]
  0x000002514c059c50 JavaThread "C1 CompilerThread0" daemon [_thread_blocked, id=13120, stack(0x000000af54900000,0x000000af54a00000)]
  0x000002514c05d4f0 JavaThread "Sweeper thread" daemon [_thread_blocked, id=1852, stack(0x000000af54a00000,0x000000af54b00000)]
  0x000002514c1be410 JavaThread "Notification Thread" daemon [_thread_blocked, id=5088, stack(0x000000af54b00000,0x000000af54c00000)]
  0x000002514c1c4bb0 JavaThread "Common-Cleaner" daemon [_thread_blocked, id=8132, stack(0x000000af54d00000,0x000000af54e00000)]

Other Threads:
  0x0000025147c126d0 VMThread "VM Thread" [stack: 0x000000af54100000,0x000000af54200000] [id=15728]
  0x000002514c1c2900 WatcherThread [stack: 0x000000af54c00000,0x000000af54d00000] [id=16868]
  0x000002512deae9d0 GCTaskThread "GC Thread#0" [stack: 0x000000af53c00000,0x000000af53d00000] [id=14536]
  0x000002512debf5e0 ConcurrentGCThread "G1 Main Marker" [stack: 0x000000af53d00000,0x000000af53e00000] [id=12528]
  0x000002512dec07a0 ConcurrentGCThread "G1 Conc#0" [stack: 0x000000af53e00000,0x000000af53f00000] [id=9016]
  0x000002512df0ea10 ConcurrentGCThread "G1 Refine#0" [stack: 0x000000af53f00000,0x000000af54000000] [id=84]
  0x0000025147a7c660 ConcurrentGCThread "G1 Service" [stack: 0x000000af54000000,0x000000af54100000] [id=14148]

Threads with active compile tasks:

VM state: not at safepoint (normal execution)

VM Mutex/Monitor currently owned by a thread:  ([mutex/lock_event])
[0x000002512b976ea0] Metaspace_lock - owner thread: 0x000002512de55560

Heap address: 0x0000000081a00000, size: 2022 MB, Compressed Oops mode: 32-bit

CDS archive(s) not mapped
Compressed class space mapped at: 0x0000000100000000-0x0000000140000000, reserved size: 1073741824
Narrow klass base: 0x0000000000000000, Narrow klass shift: 3, Narrow klass range: 0x140000000

GC Precious Log:
 CPUs: 8 total, 8 available
 Memory: 8083M
 Large Page Support: Disabled
 NUMA Support: Disabled
 Compressed Oops: Enabled (32-bit)
 Heap Region Size: 1M
 Heap Min Capacity: 8M
 Heap Initial Capacity: 128M
 Heap Max Capacity: 2022M
 Pre-touch: Disabled
 Parallel Workers: 8
 Concurrent Workers: 2
 Concurrent Refinement Workers: 8
 Periodic GC: Disabled

Heap:
 garbage-first heap   total 131072K, used 7168K [0x0000000081a00000, 0x0000000100000000)
  region size 1024K, 8 young (8192K), 0 survivors (0K)
 Metaspace       used 12689K, committed 12800K, reserved 1114112K
  class space    used 1241K, committed 1280K, reserved 1048576K

Heap Regions: E=young(eden), S=young(survivor), O=old, HS=humongous(starts), HC=humongous(continues), CS=collection set, F=free, OA=open archive, CA=closed archive, TAMS=top-at-mark-start (previous, next)
|   0|0x0000000081a00000, 0x0000000081a00000, 0x0000000081b00000|  0%| F|  |TAMS 0x0000000081a00000, 0x0000000081a00000| Untracked 
|   1|0x0000000081b00000, 0x0000000081b00000, 0x0000000081c00000|  0%| F|  |TAMS 0x0000000081b00000, 0x0000000081b00000| Untracked 
|   2|0x0000000081c00000, 0x0000000081c00000, 0x0000000081d00000|  0%| F|  |TAMS 0x0000000081c00000, 0x0000000081c00000| Untracked 
|   3|0x0000000081d00000, 0x0000000081d00000, 0x0000000081e00000|  0%| F|  |TAMS 0x0000000081d00000, 0x0000000081d00000| Untracked 
|   4|0x0000000081e00000, 0x0000000081e00000, 0x0000000081f00000|  0%| F|  |TAMS 0x0000000081e00000, 0x0000000081e00000| Untracked 
|   5|0x0000000081f00000, 0x0000000081f00000, 0x0000000082000000|  0%| F|  |TAMS 0x0000000081f00000, 0x0000000081f00000| Untracked 
|   6|0x0000000082000000, 0x0000000082000000, 0x0000000082100000|  0%| F|  |TAMS 0x0000000082000000, 0x0000000082000000| Untracked 
|   7|0x0000000082100000, 0x0000000082100000, 0x0000000082200000|  0%| F|  |TAMS 0x0000000082100000, 0x0000000082100000| Untracked 
|   8|0x0000000082200000, 0x0000000082200000, 0x0000000082300000|  0%| F|  |TAMS 0x0000000082200000, 0x0000000082200000| Untracked 
|   9|0x0000000082300000, 0x0000000082300000, 0x0000000082400000|  0%| F|  |TAMS 0x0000000082300000, 0x0000000082300000| Untracked 
|  10|0x0000000082400000, 0x0000000082400000, 0x0000000082500000|  0%| F|  |TAMS 0x0000000082400000, 0x0000000082400000| Untracked 
|  11|0x0000000082500000, 0x0000000082500000, 0x0000000082600000|  0%| F|  |TAMS 0x0000000082500000, 0x0000000082500000| Untracked 
|  12|0x0000000082600000, 0x0000000082600000, 0x0000000082700000|  0%| F|  |TAMS 0x0000000082600000, 0x0000000082600000| Untracked 
|  13|0x0000000082700000, 0x0000000082700000, 0x0000000082800000|  0%| F|  |TAMS 0x0000000082700000, 0x0000000082700000| Untracked 
|  14|0x0000000082800000, 0x0000000082800000, 0x0000000082900000|  0%| F|  |TAMS 0x0000000082800000, 0x0000000082800000| Untracked 
|  15|0x0000000082900000, 0x0000000082900000, 0x0000000082a00000|  0%| F|  |TAMS 0x0000000082900000, 0x0000000082900000| Untracked 
|  16|0x0000000082a00000, 0x0000000082a00000, 0x0000000082b00000|  0%| F|  |TAMS 0x0000000082a00000, 0x0000000082a00000| Untracked 
|  17|0x0000000082b00000, 0x0000000082b00000, 0x0000000082c00000|  0%| F|  |TAMS 0x0000000082b00000, 0x0000000082b00000| Untracked 
|  18|0x0000000082c00000, 0x0000000082c00000, 0x0000000082d00000|  0%| F|  |TAMS 0x0000000082c00000, 0x0000000082c00000| Untracked 
|  19|0x0000000082d00000, 0x0000000082d00000, 0x0000000082e00000|  0%| F|  |TAMS 0x0000000082d00000, 0x0000000082d00000| Untracked 
|  20|0x0000000082e00000, 0x0000000082e00000, 0x0000000082f00000|  0%| F|  |TAMS 0x0000000082e00000, 0x0000000082e00000| Untracked 
|  21|0x0000000082f00000, 0x0000000082f00000, 0x0000000083000000|  0%| F|  |TAMS 0x0000000082f00000, 0x0000000082f00000| Untracked 
|  22|0x0000000083000000, 0x0000000083000000, 0x0000000083100000|  0%| F|  |TAMS 0x0000000083000000, 0x0000000083000000| Untracked 
|  23|0x0000000083100000, 0x0000000083100000, 0x0000000083200000|  0%| F|  |TAMS 0x0000000083100000, 0x0000000083100000| Untracked 
|  24|0x0000000083200000, 0x0000000083200000, 0x0000000083300000|  0%| F|  |TAMS 0x0000000083200000, 0x0000000083200000| Untracked 
|  25|0x0000000083300000, 0x0000000083300000, 0x0000000083400000|  0%| F|  |TAMS 0x0000000083300000, 0x0000000083300000| Untracked 
|  26|0x0000000083400000, 0x0000000083400000, 0x0000000083500000|  0%| F|  |TAMS 0x0000000083400000, 0x0000000083400000| Untracked 
|  27|0x0000000083500000, 0x0000000083500000, 0x0000000083600000|  0%| F|  |TAMS 0x0000000083500000, 0x0000000083500000| Untracked 
|  28|0x0000000083600000, 0x0000000083600000, 0x0000000083700000|  0%| F|  |TAMS 0x0000000083600000, 0x0000000083600000| Untracked 
|  29|0x0000000083700000, 0x0000000083700000, 0x0000000083800000|  0%| F|  |TAMS 0x0000000083700000, 0x0000000083700000| Untracked 
|  30|0x0000000083800000, 0x0000000083800000, 0x0000000083900000|  0%| F|  |TAMS 0x0000000083800000, 0x0000000083800000| Untracked 
|  31|0x0000000083900000, 0x0000000083900000, 0x0000000083a00000|  0%| F|  |TAMS 0x0000000083900000, 0x0000000083900000| Untracked 
|  32|0x0000000083a00000, 0x0000000083a00000, 0x0000000083b00000|  0%| F|  |TAMS 0x0000000083a00000, 0x0000000083a00000| Untracked 
|  33|0x0000000083b00000, 0x0000000083b00000, 0x0000000083c00000|  0%| F|  |TAMS 0x0000000083b00000, 0x0000000083b00000| Untracked 
|  34|0x0000000083c00000, 0x0000000083c00000, 0x0000000083d00000|  0%| F|  |TAMS 0x0000000083c00000, 0x0000000083c00000| Untracked 
|  35|0x0000000083d00000, 0x0000000083d00000, 0x0000000083e00000|  0%| F|  |TAMS 0x0000000083d00000, 0x0000000083d00000| Untracked 
|  36|0x0000000083e00000, 0x0000000083e00000, 0x0000000083f00000|  0%| F|  |TAMS 0x0000000083e00000, 0x0000000083e00000| Untracked 
|  37|0x0000000083f00000, 0x0000000083f00000, 0x0000000084000000|  0%| F|  |TAMS 0x0000000083f00000, 0x0000000083f00000| Untracked 
|  38|0x0000000084000000, 0x0000000084000000, 0x0000000084100000|  0%| F|  |TAMS 0x0000000084000000, 0x0000000084000000| Untracked 
|  39|0x0000000084100000, 0x0000000084100000, 0x0000000084200000|  0%| F|  |TAMS 0x0000000084100000, 0x0000000084100000| Untracked 
|  40|0x0000000084200000, 0x0000000084200000, 0x0000000084300000|  0%| F|  |TAMS 0x0000000084200000, 0x0000000084200000| Untracked 
|  41|0x0000000084300000, 0x0000000084300000, 0x0000000084400000|  0%| F|  |TAMS 0x0000000084300000, 0x0000000084300000| Untracked 
|  42|0x0000000084400000, 0x0000000084400000, 0x0000000084500000|  0%| F|  |TAMS 0x0000000084400000, 0x0000000084400000| Untracked 
|  43|0x0000000084500000, 0x0000000084500000, 0x0000000084600000|  0%| F|  |TAMS 0x0000000084500000, 0x0000000084500000| Untracked 
|  44|0x0000000084600000, 0x0000000084600000, 0x0000000084700000|  0%| F|  |TAMS 0x0000000084600000, 0x0000000084600000| Untracked 
|  45|0x0000000084700000, 0x0000000084700000, 0x0000000084800000|  0%| F|  |TAMS 0x0000000084700000, 0x0000000084700000| Untracked 
|  46|0x0000000084800000, 0x0000000084800000, 0x0000000084900000|  0%| F|  |TAMS 0x0000000084800000, 0x0000000084800000| Untracked 
|  47|0x0000000084900000, 0x0000000084900000, 0x0000000084a00000|  0%| F|  |TAMS 0x0000000084900000, 0x0000000084900000| Untracked 
|  48|0x0000000084a00000, 0x0000000084a00000, 0x0000000084b00000|  0%| F|  |TAMS 0x0000000084a00000, 0x0000000084a00000| Untracked 
|  49|0x0000000084b00000, 0x0000000084b00000, 0x0000000084c00000|  0%| F|  |TAMS 0x0000000084b00000, 0x0000000084b00000| Untracked 
|  50|0x0000000084c00000, 0x0000000084c00000, 0x0000000084d00000|  0%| F|  |TAMS 0x0000000084c00000, 0x0000000084c00000| Untracked 
|  51|0x0000000084d00000, 0x0000000084d00000, 0x0000000084e00000|  0%| F|  |TAMS 0x0000000084d00000, 0x0000000084d00000| Untracked 
|  52|0x0000000084e00000, 0x0000000084e00000, 0x0000000084f00000|  0%| F|  |TAMS 0x0000000084e00000, 0x0000000084e00000| Untracked 
|  53|0x0000000084f00000, 0x0000000084f00000, 0x0000000085000000|  0%| F|  |TAMS 0x0000000084f00000, 0x0000000084f00000| Untracked 
|  54|0x0000000085000000, 0x0000000085000000, 0x0000000085100000|  0%| F|  |TAMS 0x0000000085000000, 0x0000000085000000| Untracked 
|  55|0x0000000085100000, 0x0000000085100000, 0x0000000085200000|  0%| F|  |TAMS 0x0000000085100000, 0x0000000085100000| Untracked 
|  56|0x0000000085200000, 0x0000000085200000, 0x0000000085300000|  0%| F|  |TAMS 0x0000000085200000, 0x0000000085200000| Untracked 
|  57|0x0000000085300000, 0x0000000085300000, 0x0000000085400000|  0%| F|  |TAMS 0x0000000085300000, 0x0000000085300000| Untracked 
|  58|0x0000000085400000, 0x0000000085400000, 0x0000000085500000|  0%| F|  |TAMS 0x0000000085400000, 0x0000000085400000| Untracked 
|  59|0x0000000085500000, 0x0000000085500000, 0x0000000085600000|  0%| F|  |TAMS 0x0000000085500000, 0x0000000085500000| Untracked 
|  60|0x0000000085600000, 0x0000000085600000, 0x0000000085700000|  0%| F|  |TAMS 0x0000000085600000, 0x0000000085600000| Untracked 
|  61|0x0000000085700000, 0x0000000085700000, 0x0000000085800000|  0%| F|  |TAMS 0x0000000085700000, 0x0000000085700000| Untracked 
|  62|0x0000000085800000, 0x0000000085800000, 0x0000000085900000|  0%| F|  |TAMS 0x0000000085800000, 0x0000000085800000| Untracked 
|  63|0x0000000085900000, 0x0000000085900000, 0x0000000085a00000|  0%| F|  |TAMS 0x0000000085900000, 0x0000000085900000| Untracked 
|  64|0x0000000085a00000, 0x0000000085a00000, 0x0000000085b00000|  0%| F|  |TAMS 0x0000000085a00000, 0x0000000085a00000| Untracked 
|  65|0x0000000085b00000, 0x0000000085b00000, 0x0000000085c00000|  0%| F|  |TAMS 0x0000000085b00000, 0x0000000085b00000| Untracked 
|  66|0x0000000085c00000, 0x0000000085c00000, 0x0000000085d00000|  0%| F|  |TAMS 0x0000000085c00000, 0x0000000085c00000| Untracked 
|  67|0x0000000085d00000, 0x0000000085d00000, 0x0000000085e00000|  0%| F|  |TAMS 0x0000000085d00000, 0x0000000085d00000| Untracked 
|  68|0x0000000085e00000, 0x0000000085e00000, 0x0000000085f00000|  0%| F|  |TAMS 0x0000000085e00000, 0x0000000085e00000| Untracked 
|  69|0x0000000085f00000, 0x0000000085f00000, 0x0000000086000000|  0%| F|  |TAMS 0x0000000085f00000, 0x0000000085f00000| Untracked 
|  70|0x0000000086000000, 0x0000000086000000, 0x0000000086100000|  0%| F|  |TAMS 0x0000000086000000, 0x0000000086000000| Untracked 
|  71|0x0000000086100000, 0x0000000086100000, 0x0000000086200000|  0%| F|  |TAMS 0x0000000086100000, 0x0000000086100000| Untracked 
|  72|0x0000000086200000, 0x0000000086200000, 0x0000000086300000|  0%| F|  |TAMS 0x0000000086200000, 0x0000000086200000| Untracked 
|  73|0x0000000086300000, 0x0000000086300000, 0x0000000086400000|  0%| F|  |TAMS 0x0000000086300000, 0x0000000086300000| Untracked 
|  74|0x0000000086400000, 0x0000000086400000, 0x0000000086500000|  0%| F|  |TAMS 0x0000000086400000, 0x0000000086400000| Untracked 
|  75|0x0000000086500000, 0x0000000086500000, 0x0000000086600000|  0%| F|  |TAMS 0x0000000086500000, 0x0000000086500000| Untracked 
|  76|0x0000000086600000, 0x0000000086600000, 0x0000000086700000|  0%| F|  |TAMS 0x0000000086600000, 0x0000000086600000| Untracked 
|  77|0x0000000086700000, 0x0000000086700000, 0x0000000086800000|  0%| F|  |TAMS 0x0000000086700000, 0x0000000086700000| Untracked 
|  78|0x0000000086800000, 0x0000000086800000, 0x0000000086900000|  0%| F|  |TAMS 0x0000000086800000, 0x0000000086800000| Untracked 
|  79|0x0000000086900000, 0x0000000086900000, 0x0000000086a00000|  0%| F|  |TAMS 0x0000000086900000, 0x0000000086900000| Untracked 
|  80|0x0000000086a00000, 0x0000000086a00000, 0x0000000086b00000|  0%| F|  |TAMS 0x0000000086a00000, 0x0000000086a00000| Untracked 
|  81|0x0000000086b00000, 0x0000000086b00000, 0x0000000086c00000|  0%| F|  |TAMS 0x0000000086b00000, 0x0000000086b00000| Untracked 
|  82|0x0000000086c00000, 0x0000000086c00000, 0x0000000086d00000|  0%| F|  |TAMS 0x0000000086c00000, 0x0000000086c00000| Untracked 
|  83|0x0000000086d00000, 0x0000000086d00000, 0x0000000086e00000|  0%| F|  |TAMS 0x0000000086d00000, 0x0000000086d00000| Untracked 
|  84|0x0000000086e00000, 0x0000000086e00000, 0x0000000086f00000|  0%| F|  |TAMS 0x0000000086e00000, 0x0000000086e00000| Untracked 
|  85|0x0000000086f00000, 0x0000000086f00000, 0x0000000087000000|  0%| F|  |TAMS 0x0000000086f00000, 0x0000000086f00000| Untracked 
|  86|0x0000000087000000, 0x0000000087000000, 0x0000000087100000|  0%| F|  |TAMS 0x0000000087000000, 0x0000000087000000| Untracked 
|  87|0x0000000087100000, 0x0000000087100000, 0x0000000087200000|  0%| F|  |TAMS 0x0000000087100000, 0x0000000087100000| Untracked 
|  88|0x0000000087200000, 0x0000000087200000, 0x0000000087300000|  0%| F|  |TAMS 0x0000000087200000, 0x0000000087200000| Untracked 
|  89|0x0000000087300000, 0x0000000087300000, 0x0000000087400000|  0%| F|  |TAMS 0x0000000087300000, 0x0000000087300000| Untracked 
|  90|0x0000000087400000, 0x0000000087400000, 0x0000000087500000|  0%| F|  |TAMS 0x0000000087400000, 0x0000000087400000| Untracked 
|  91|0x0000000087500000, 0x0000000087500000, 0x0000000087600000|  0%| F|  |TAMS 0x0000000087500000, 0x0000000087500000| Untracked 
|  92|0x0000000087600000, 0x0000000087600000, 0x0000000087700000|  0%| F|  |TAMS 0x0000000087600000, 0x0000000087600000| Untracked 
|  93|0x0000000087700000, 0x0000000087700000, 0x0000000087800000|  0%| F|  |TAMS 0x0000000087700000, 0x0000000087700000| Untracked 
|  94|0x0000000087800000, 0x0000000087800000, 0x0000000087900000|  0%| F|  |TAMS 0x0000000087800000, 0x0000000087800000| Untracked 
|  95|0x0000000087900000, 0x0000000087900000, 0x0000000087a00000|  0%| F|  |TAMS 0x0000000087900000, 0x0000000087900000| Untracked 
|  96|0x0000000087a00000, 0x0000000087a00000, 0x0000000087b00000|  0%| F|  |TAMS 0x0000000087a00000, 0x0000000087a00000| Untracked 
|  97|0x0000000087b00000, 0x0000000087b00000, 0x0000000087c00000|  0%| F|  |TAMS 0x0000000087b00000, 0x0000000087b00000| Untracked 
|  98|0x0000000087c00000, 0x0000000087c00000, 0x0000000087d00000|  0%| F|  |TAMS 0x0000000087c00000, 0x0000000087c00000| Untracked 
|  99|0x0000000087d00000, 0x0000000087d00000, 0x0000000087e00000|  0%| F|  |TAMS 0x0000000087d00000, 0x0000000087d00000| Untracked 
| 100|0x0000000087e00000, 0x0000000087e00000, 0x0000000087f00000|  0%| F|  |TAMS 0x0000000087e00000, 0x0000000087e00000| Untracked 
| 101|0x0000000087f00000, 0x0000000087f00000, 0x0000000088000000|  0%| F|  |TAMS 0x0000000087f00000, 0x0000000087f00000| Untracked 
| 102|0x0000000088000000, 0x0000000088000000, 0x0000000088100000|  0%| F|  |TAMS 0x0000000088000000, 0x0000000088000000| Untracked 
| 103|0x0000000088100000, 0x0000000088100000, 0x0000000088200000|  0%| F|  |TAMS 0x0000000088100000, 0x0000000088100000| Untracked 
| 104|0x0000000088200000, 0x0000000088200000, 0x0000000088300000|  0%| F|  |TAMS 0x0000000088200000, 0x0000000088200000| Untracked 
| 105|0x0000000088300000, 0x0000000088300000, 0x0000000088400000|  0%| F|  |TAMS 0x0000000088300000, 0x0000000088300000| Untracked 
| 106|0x0000000088400000, 0x0000000088400000, 0x0000000088500000|  0%| F|  |TAMS 0x0000000088400000, 0x0000000088400000| Untracked 
| 107|0x0000000088500000, 0x0000000088500000, 0x0000000088600000|  0%| F|  |TAMS 0x0000000088500000, 0x0000000088500000| Untracked 
| 108|0x0000000088600000, 0x0000000088600000, 0x0000000088700000|  0%| F|  |TAMS 0x0000000088600000, 0x0000000088600000| Untracked 
| 109|0x0000000088700000, 0x0000000088700000, 0x0000000088800000|  0%| F|  |TAMS 0x0000000088700000, 0x0000000088700000| Untracked 
| 110|0x0000000088800000, 0x0000000088800000, 0x0000000088900000|  0%| F|  |TAMS 0x0000000088800000, 0x0000000088800000| Untracked 
| 111|0x0000000088900000, 0x0000000088900000, 0x0000000088a00000|  0%| F|  |TAMS 0x0000000088900000, 0x0000000088900000| Untracked 
| 112|0x0000000088a00000, 0x0000000088a00000, 0x0000000088b00000|  0%| F|  |TAMS 0x0000000088a00000, 0x0000000088a00000| Untracked 
| 113|0x0000000088b00000, 0x0000000088b00000, 0x0000000088c00000|  0%| F|  |TAMS 0x0000000088b00000, 0x0000000088b00000| Untracked 
| 114|0x0000000088c00000, 0x0000000088c00000, 0x0000000088d00000|  0%| F|  |TAMS 0x0000000088c00000, 0x0000000088c00000| Untracked 
| 115|0x0000000088d00000, 0x0000000088d00000, 0x0000000088e00000|  0%| F|  |TAMS 0x0000000088d00000, 0x0000000088d00000| Untracked 
| 116|0x0000000088e00000, 0x0000000088e00000, 0x0000000088f00000|  0%| F|  |TAMS 0x0000000088e00000, 0x0000000088e00000| Untracked 
| 117|0x0000000088f00000, 0x0000000088f00000, 0x0000000089000000|  0%| F|  |TAMS 0x0000000088f00000, 0x0000000088f00000| Untracked 
| 118|0x0000000089000000, 0x0000000089000000, 0x0000000089100000|  0%| F|  |TAMS 0x0000000089000000, 0x0000000089000000| Untracked 
| 119|0x0000000089100000, 0x0000000089100000, 0x0000000089200000|  0%| F|  |TAMS 0x0000000089100000, 0x0000000089100000| Untracked 
| 120|0x0000000089200000, 0x0000000089276468, 0x0000000089300000| 46%| E|  |TAMS 0x0000000089200000, 0x0000000089200000| Complete 
| 121|0x0000000089300000, 0x0000000089400000, 0x0000000089400000|100%| E|CS|TAMS 0x0000000089300000, 0x0000000089300000| Complete 
| 122|0x0000000089400000, 0x0000000089500000, 0x0000000089500000|100%| E|CS|TAMS 0x0000000089400000, 0x0000000089400000| Complete 
| 123|0x0000000089500000, 0x0000000089600000, 0x0000000089600000|100%| E|CS|TAMS 0x0000000089500000, 0x0000000089500000| Complete 
| 124|0x0000000089600000, 0x0000000089700000, 0x0000000089700000|100%| E|CS|TAMS 0x0000000089600000, 0x0000000089600000| Complete 
| 125|0x0000000089700000, 0x0000000089800000, 0x0000000089800000|100%| E|CS|TAMS 0x0000000089700000, 0x0000000089700000| Complete 
| 126|0x0000000089800000, 0x0000000089900000, 0x0000000089900000|100%| E|CS|TAMS 0x0000000089800000, 0x0000000089800000| Complete 
| 127|0x0000000089900000, 0x0000000089a00000, 0x0000000089a00000|100%| E|CS|TAMS 0x0000000089900000, 0x0000000089900000| Complete 

Card table byte_map: [0x0000025140a60000,0x0000025140e60000] _byte_map_base: 0x0000025140653000

Marking Bits (Prev, Next): (CMBitMap*) 0x000002512deaeff0, (CMBitMap*) 0x000002512deaf030
 Prev Bits: [0x0000025141260000, 0x00000251431f8000)
 Next Bits: [0x0000025143200000, 0x0000025145198000)

Polling page: 0x000002512bb90000

Metaspace:

Usage:
  Non-class:     11.18 MB used.
      Class:      1.21 MB used.
       Both:     12.39 MB used.

Virtual space:
  Non-class space:       64.00 MB reserved,      11.25 MB ( 18%) committed,  1 nodes.
      Class space:        1.00 GB reserved,       1.25 MB ( <1%) committed,  1 nodes.
             Both:        1.06 GB reserved,      12.50 MB (  1%) committed. 

Chunk freelists:
   Non-Class:  4.36 MB
       Class:  14.70 MB
        Both:  19.06 MB

MaxMetaspaceSize: unlimited
CompressedClassSpaceSize: 1.00 GB
Initial GC threshold: 21.00 MB
Current GC threshold: 21.00 MB
CDS: off
MetaspaceReclaimPolicy: balanced
 - commit_granule_bytes: 65536.
 - commit_granule_words: 8192.
 - virtual_space_node_default_size: 8388608.
 - enlarge_chunks_in_place: 1.
 - new_chunks_are_fully_committed: 0.
 - uncommit_free_chunks: 1.
 - use_allocation_guard: 0.
 - handle_deallocations: 1.


Internal statistics:

num_allocs_failed_limit: 0.
num_arena_births: 58.
num_arena_deaths: 0.
num_vsnodes_births: 2.
num_vsnodes_deaths: 0.
num_space_committed: 200.
num_space_uncommitted: 0.
num_chunks_returned_to_freelist: 0.
num_chunks_taken_from_freelist: 127.
num_chunk_merges: 0.
num_chunk_splits: 70.
num_chunks_enlarged: 39.
num_inconsistent_stats: 0.

CodeHeap 'non-profiled nmethods': size=120000Kb used=191Kb max_used=191Kb free=119808Kb
 bounds [0x0000025138e00000, 0x0000025139070000, 0x0000025140330000]
CodeHeap 'profiled nmethods': size=120000Kb used=1051Kb max_used=1051Kb free=118948Kb
 bounds [0x0000025131330000, 0x00000251315a0000, 0x0000025138860000]
CodeHeap 'non-nmethods': size=5760Kb used=1164Kb max_used=1183Kb free=4595Kb
 bounds [0x0000025138860000, 0x0000025138ad0000, 0x0000025138e00000]
 total_blobs=1128 nmethods=671 adapters=370
 compilation: enabled
              stopped_count=0, restarted_count=0
 full_count=0

Compilation events (20 events):
Event: 1.363 Thread 0x000002514c059c50 nmethod 659 0x000002513142f090 code [0x000002513142f280, 0x000002513142f938]
Event: 1.363 Thread 0x000002514c059c50  660       3       jdk.internal.jimage.BasicImageReader::getLocationIndex (52 bytes)
Event: 1.364 Thread 0x000002514c059c50 nmethod 660 0x000002513142fb10 code [0x000002513142fd00, 0x0000025131430198]
Event: 1.364 Thread 0x000002514c059c50  661       3       java.util.concurrent.ConcurrentHashMap$ValueIterator::next (34 bytes)
Event: 1.364 Thread 0x000002514c059c50 nmethod 661 0x0000025131430410 code [0x00000251314305c0, 0x0000025131430818]
Event: 1.366 Thread 0x000002514c059c50  662       3       sun.invoke.util.VerifyAccess::isClassAccessible (230 bytes)
Event: 1.367 Thread 0x000002514c059c50 nmethod 662 0x0000025131430910 code [0x0000025131430c20, 0x0000025131431af8]
Event: 1.368 Thread 0x000002514c059c50  663       3       java.nio.ByteBuffer::limit (6 bytes)
Event: 1.368 Thread 0x000002514c059c50 nmethod 663 0x0000025131431f10 code [0x00000251314320c0, 0x0000025131432288]
Event: 1.403 Thread 0x000002514c059340  664       4       java.lang.invoke.VarHandle::checkExactAccessMode (28 bytes)
Event: 1.405 Thread 0x000002514c059340 nmethod 664 0x0000025138e2e010 code [0x0000025138e2e1a0, 0x0000025138e2e428]
Event: 1.419 Thread 0x000002514c059340  665       4       java.util.HashMap::putVal (300 bytes)
Event: 1.424 Thread 0x000002514c059c50  666       3       java.lang.invoke.VarHandleGuards::guard_LII_V (137 bytes)
Event: 1.426 Thread 0x000002514c059c50 nmethod 666 0x0000025131432310 code [0x0000025131432740, 0x0000025131435098]
Event: 1.426 Thread 0x000002514c059c50  667       3       java.lang.invoke.VarHandleByteArrayAsInts$ArrayHandle::set (39 bytes)
Event: 1.426 Thread 0x000002514c059c50 nmethod 667 0x0000025131435c90 code [0x0000025131435e80, 0x0000025131436398]
Event: 1.428 Thread 0x000002514c059c50  669       3       java.nio.ByteBuffer::order (48 bytes)
Event: 1.428 Thread 0x000002514c059c50 nmethod 669 0x0000025131436590 code [0x0000025131436740, 0x0000025131436978]
Event: 1.429 Thread 0x000002514c059c50  671       3       java.nio.HeapByteBuffer::<init> (23 bytes)
Event: 1.429 Thread 0x000002514c059c50 nmethod 671 0x0000025131436a10 code [0x0000025131436bc0, 0x0000025131436d48]

GC Heap History (0 events):
No events

Dll operation events (1 events):
Event: 0.072 Loaded shared library C:\Program Files\Android\Android Studio\jbr\bin\java.dll

Deoptimization events (8 events):
Event: 1.216 Thread 0x000002512de55560 Uncommon trap: trap_request=0xffffff45 fr.pc=0x0000025138e1e074 relative=0x0000000000000074
Event: 1.216 Thread 0x000002512de55560 Uncommon trap: reason=unstable_if action=reinterpret pc=0x0000025138e1e074 method=jdk.internal.misc.Unsafe.convEndian(ZI)I @ 4 c2
Event: 1.216 Thread 0x000002512de55560 DEOPT PACKING pc=0x0000025138e1e074 sp=0x000000af53bfe080
Event: 1.217 Thread 0x000002512de55560 DEOPT UNPACKING pc=0x00000251388b69a3 sp=0x000000af53bfdfb0 mode 2
Event: 1.423 Thread 0x000002512de55560 Uncommon trap: trap_request=0xffffff45 fr.pc=0x0000025138e1c39c relative=0x00000000000003fc
Event: 1.423 Thread 0x000002512de55560 Uncommon trap: reason=unstable_if action=reinterpret pc=0x0000025138e1c39c method=java.lang.StringLatin1.newString([BII)Ljava/lang/String; @ 1 c2
Event: 1.423 Thread 0x000002512de55560 DEOPT PACKING pc=0x0000025138e1c39c sp=0x000000af53bfe870
Event: 1.423 Thread 0x000002512de55560 DEOPT UNPACKING pc=0x00000251388b69a3 sp=0x000000af53bfe838 mode 2

Classes unloaded (0 events):
No events

Classes redefined (0 events):
No events

Internal exceptions (16 events):
Event: 0.641 Thread 0x000002512de55560 Exception <a 'sun/nio/fs/WindowsException'{0x00000000897e5358}> (0x00000000897e5358) 
thrown [s\src\hotspot\share\prims\jni.cpp, line 517]
Event: 0.668 Thread 0x000002512de55560 Exception <a 'java/lang/NoSuchMethodError'{0x0000000089610fc0}: 'int java.lang.invoke.DirectMethodHandle$Holder.invokeStaticInit(java.lang.Object, java.lang.Object, java.lang.Object, java.lang.Object)'> (0x0000000089610fc0) 
thrown [s\src\hotspot\share\interpreter\linkResolver.cpp, line 771]
Event: 0.670 Thread 0x000002512de55560 Exception <a 'java/lang/NoSuchMethodError'{0x000000008961bc20}: 'java.lang.Object java.lang.invoke.DirectMethodHandle$Holder.invokeInterface(java.lang.Object, java.lang.Object)'> (0x000000008961bc20) 
thrown [s\src\hotspot\share\interpreter\linkResolver.cpp, line 771]
Event: 0.671 Thread 0x000002512de55560 Exception <a 'java/lang/IncompatibleClassChangeError'{0x000000008961f540}: Found class java.lang.Object, but interface was expected> (0x000000008961f540) 
thrown [s\src\hotspot\share\interpreter\linkResolver.cpp, line 838]
Event: 0.671 Thread 0x000002512de55560 Exception <a 'java/lang/NoSuchMethodError'{0x00000000896228f0}: 'void java.lang.invoke.DirectMethodHandle$Holder.invokeStatic(java.lang.Object, java.lang.Object)'> (0x00000000896228f0) 
thrown [s\src\hotspot\share\interpreter\linkResolver.cpp, line 771]
Event: 0.671 Thread 0x000002512de55560 Exception <a 'java/lang/NoSuchMethodError'{0x0000000089626208}: 'void java.lang.invoke.DirectMethodHandle$Holder.invokeStaticInit(java.lang.Object, java.lang.Object)'> (0x0000000089626208) 
thrown [s\src\hotspot\share\interpreter\linkResolver.cpp, line 771]
Event: 0.674 Thread 0x000002512de55560 Exception <a 'java/lang/NoSuchMethodError'{0x000000008962cac0}: 'int java.lang.invoke.DirectMethodHandle$Holder.invokeStaticInit(java.lang.Object, java.lang.Object)'> (0x000000008962cac0) 
thrown [s\src\hotspot\share\interpreter\linkResolver.cpp, line 771]
Event: 0.732 Thread 0x000002512de55560 Exception <a 'java/lang/NoSuchMethodError'{0x0000000089513488}: 'java.lang.Object java.lang.invoke.DirectMethodHandle$Holder.invokeStaticInit(java.lang.Object, int, int, int, int)'> (0x0000000089513488) 
thrown [s\src\hotspot\share\interpreter\linkResolver.cpp, line 771]
Event: 1.212 Thread 0x000002512de55560 Exception <a 'java/lang/NoSuchMethodError'{0x00000000895fa310}: 'java.lang.Object java.lang.invoke.DirectMethodHandle$Holder.invokeStaticInit(java.lang.Object, java.lang.Object, int, int, int, int)'> (0x00000000895fa310) 
thrown [s\src\hotspot\share\interpreter\linkResolver.cpp, line 771]
Event: 1.229 Thread 0x000002512de55560 Exception <a 'java/lang/NoSuchMethodError'{0x00000000894631b0}: 'java.lang.Object java.lang.invoke.DirectMethodHandle$Holder.invokeStatic(java.lang.Object, java.lang.Object, int)'> (0x00000000894631b0) 
thrown [s\src\hotspot\share\interpreter\linkResolver.cpp, line 771]
Event: 1.229 Thread 0x000002512de55560 Exception <a 'java/lang/NoSuchMethodError'{0x0000000089466928}: 'java.lang.Object java.lang.invoke.DirectMethodHandle$Holder.invokeStaticInit(java.lang.Object, java.lang.Object, int)'> (0x0000000089466928) 
thrown [s\src\hotspot\share\interpreter\linkResolver.cpp, line 771]
Event: 1.230 Thread 0x000002512de55560 Exception <a 'java/lang/NoSuchMethodError'{0x000000008946ccd8}: 'java.lang.Object java.lang.invoke.DirectMethodHandle$Holder.newInvokeSpecial(java.lang.Object, java.lang.Object, int)'> (0x000000008946ccd8) 
thrown [s\src\hotspot\share\interpreter\linkResolver.cpp, line 771]
Event: 1.239 Thread 0x000002512de55560 Exception <a 'java/lang/NoSuchMethodError'{0x000000008947c5f8}: 'int java.lang.invoke.DirectMethodHandle$Holder.invokeStaticInit(java.lang.Object, java.lang.Object, java.lang.Object)'> (0x000000008947c5f8) 
thrown [s\src\hotspot\share\interpreter\linkResolver.cpp, line 771]
Event: 1.242 Thread 0x000002512de55560 Exception <a 'java/lang/NoSuchMethodError'{0x000000008948c7d8}: 'int java.lang.invoke.DirectMethodHandle$Holder.invokeSpecial(java.lang.Object, java.lang.Object, java.lang.Object)'> (0x000000008948c7d8) 
thrown [s\src\hotspot\share\interpreter\linkResolver.cpp, line 771]
Event: 1.243 Thread 0x000002512de55560 Exception <a 'java/lang/NoSuchMethodError'{0x0000000089494bb8}: 'int java.lang.invoke.DirectMethodHandle$Holder.invokeSpecialIFC(java.lang.Object, java.lang.Object, java.lang.Object)'> (0x0000000089494bb8) 
thrown [s\src\hotspot\share\interpreter\linkResolver.cpp, line 771]
Event: 1.300 Thread 0x000002512de55560 Exception <a 'java/lang/NoSuchMethodError'{0x0000000089321430}: 'java.lang.Object java.lang.invoke.DirectMethodHandle$Holder.invokeStaticInit(java.lang.Object)'> (0x0000000089321430) 
thrown [s\src\hotspot\share\interpreter\linkResolver.cpp, line 771]

VM Operations (10 events):
Event: 0.498 Executing VM operation: HandshakeAllThreads
Event: 0.498 Executing VM operation: HandshakeAllThreads done
Event: 0.522 Executing VM operation: HandshakeAllThreads
Event: 0.522 Executing VM operation: HandshakeAllThreads done
Event: 0.804 Executing VM operation: HandshakeAllThreads
Event: 0.804 Executing VM operation: HandshakeAllThreads done
Event: 1.303 Executing VM operation: HandshakeAllThreads
Event: 1.303 Executing VM operation: HandshakeAllThreads done
Event: 1.303 Executing VM operation: Cleanup
Event: 1.304 Executing VM operation: Cleanup done

Events (20 events):
Event: 1.420 loading class java/nio/channels/SocketChannel
Event: 1.420 loading class java/nio/channels/SocketChannel done
Event: 1.420 loading class sun/nio/ch/SocketChannelImpl
Event: 1.422 loading class sun/nio/ch/SocketChannelImpl done
Event: 1.422 loading class java/nio/channels/spi/AbstractInterruptibleChannel$1
Event: 1.422 loading class sun/nio/ch/Interruptible
Event: 1.422 loading class sun/nio/ch/Interruptible done
Event: 1.422 loading class java/nio/channels/spi/AbstractInterruptibleChannel$1 done
Event: 1.424 loading class java/nio/BufferMismatch
Event: 1.424 loading class java/nio/BufferMismatch done
Event: 1.425 loading class sun/nio/ch/SourceChannelImpl
Event: 1.425 loading class java/nio/channels/Pipe$SourceChannel
Event: 1.425 loading class java/nio/channels/Pipe$SourceChannel done
Event: 1.425 loading class sun/nio/ch/SourceChannelImpl done
Event: 1.425 loading class sun/nio/ch/SinkChannelImpl
Event: 1.425 loading class java/nio/channels/Pipe$SinkChannel
Event: 1.425 loading class java/nio/channels/Pipe$SinkChannel done
Event: 1.425 loading class sun/nio/ch/SinkChannelImpl done
Event: 1.429 loading class java/util/LinkedList$Node
Event: 1.429 loading class java/util/LinkedList$Node done


Dynamic libraries:
0x00007ff72d660000 - 0x00007ff72d66a000 	C:\Program Files\Android\Android Studio\jbr\bin\java.exe
0x00007fff9a290000 - 0x00007fff9a488000 	C:\Windows\SYSTEM32\ntdll.dll
0x00007fff99810000 - 0x00007fff998d1000 	C:\Windows\System32\KERNEL32.DLL
0x00007fff97fc0000 - 0x00007fff982b6000 	C:\Windows\System32\KERNELBASE.dll
0x00007fff97570000 - 0x00007fff976bc000 	C:\Windows\system32\hmpalert.dll
0x00007fff97bb0000 - 0x00007fff97cb0000 	C:\Windows\System32\ucrtbase.dll
0x00007fff8eea0000 - 0x00007fff8eebb000 	C:\Program Files\Android\Android Studio\jbr\bin\VCRUNTIME140.dll
0x00007fff6c650000 - 0x00007fff6c667000 	C:\Program Files\Android\Android Studio\jbr\bin\jli.dll
0x00007fff99c50000 - 0x00007fff99def000 	C:\Windows\System32\USER32.dll
0x00007fff979b0000 - 0x00007fff979d2000 	C:\Windows\System32\win32u.dll
0x00007fff99270000 - 0x00007fff9929b000 	C:\Windows\System32\GDI32.dll
0x00007fff979e0000 - 0x00007fff97af7000 	C:\Windows\System32\gdi32full.dll
0x00007fff97f20000 - 0x00007fff97fbd000 	C:\Windows\System32\msvcp_win.dll
0x00007fff7e1a0000 - 0x00007fff7e43a000 	C:\Windows\WinSxS\amd64_microsoft.windows.common-controls_6595b64144ccf1df_6.0.19041.4355_none_60b8b9eb71f62e16\COMCTL32.dll
0x00007fff99140000 - 0x00007fff991de000 	C:\Windows\System32\msvcrt.dll
0x00007fff99110000 - 0x00007fff9913f000 	C:\Windows\System32\IMM32.DLL
0x00007fff93b90000 - 0x00007fff93b9c000 	C:\Program Files\Android\Android Studio\jbr\bin\vcruntime140_1.dll
0x00007fff684d0000 - 0x00007fff6855d000 	C:\Program Files\Android\Android Studio\jbr\bin\msvcp140.dll
0x00007ffefa0a0000 - 0x00007ffefad23000 	C:\Program Files\Android\Android Studio\jbr\bin\server\jvm.dll
0x00007fff98f40000 - 0x00007fff98ff0000 	C:\Windows\System32\ADVAPI32.dll
0x00007fff99710000 - 0x00007fff997b0000 	C:\Windows\System32\sechost.dll
0x00007fff99370000 - 0x00007fff99493000 	C:\Windows\System32\RPCRT4.dll
0x00007fff97e10000 - 0x00007fff97e37000 	C:\Windows\System32\bcrypt.dll
0x00007fff92c70000 - 0x00007fff92c7a000 	C:\Windows\SYSTEM32\VERSION.dll
0x00007fff96d20000 - 0x00007fff96d6b000 	C:\Windows\SYSTEM32\POWRPROF.dll
0x00007fff7c530000 - 0x00007fff7c557000 	C:\Windows\SYSTEM32\WINMM.dll
0x00007fff68400000 - 0x00007fff68409000 	C:\Windows\SYSTEM32\WSOCK32.dll
0x00007fff99300000 - 0x00007fff9936b000 	C:\Windows\System32\ws2_32.DLL
0x00007fff96be0000 - 0x00007fff96bf2000 	C:\Windows\SYSTEM32\UMPDC.dll
0x00007fff95560000 - 0x00007fff95572000 	C:\Windows\SYSTEM32\kernel.appcore.dll
0x00007fff943d0000 - 0x00007fff943da000 	C:\Program Files\Android\Android Studio\jbr\bin\jimage.dll
0x00007fff95140000 - 0x00007fff95324000 	C:\Windows\SYSTEM32\DBGHELP.DLL
0x00007fff8e840000 - 0x00007fff8e874000 	C:\Windows\SYSTEM32\dbgcore.DLL
0x00007fff97e40000 - 0x00007fff97ec2000 	C:\Windows\System32\bcryptPrimitives.dll
0x00007fff8ea20000 - 0x00007fff8ea45000 	C:\Program Files\Android\Android Studio\jbr\bin\java.dll
0x00007fff93b40000 - 0x00007fff93b58000 	C:\Program Files\Android\Android Studio\jbr\bin\zip.dll
0x00007fff987d0000 - 0x00007fff98f3c000 	C:\Windows\System32\SHELL32.dll
0x00007fff95580000 - 0x00007fff95d1e000 	C:\Windows\SYSTEM32\windows.storage.dll
0x00007fff998f0000 - 0x00007fff99c43000 	C:\Windows\System32\combase.dll
0x00007fff97210000 - 0x00007fff9723e000 	C:\Windows\SYSTEM32\Wldp.dll
0x00007fff99df0000 - 0x00007fff99ebd000 	C:\Windows\System32\OLEAUT32.dll
0x00007fff99000000 - 0x00007fff990ad000 	C:\Windows\System32\SHCORE.dll
0x00007fff992a0000 - 0x00007fff992f5000 	C:\Windows\System32\shlwapi.dll
0x00007fff97870000 - 0x00007fff97894000 	C:\Windows\SYSTEM32\profapi.dll
0x00007fff8ee00000 - 0x00007fff8ee19000 	C:\Program Files\Android\Android Studio\jbr\bin\net.dll
0x00007fff967a0000 - 0x00007fff968aa000 	C:\Windows\SYSTEM32\WINHTTP.dll
0x00007fff96f70000 - 0x00007fff96fda000 	C:\Windows\system32\mswsock.dll
0x00007fff8e9c0000 - 0x00007fff8e9d6000 	C:\Program Files\Android\Android Studio\jbr\bin\nio.dll
0x00007fff97160000 - 0x00007fff97178000 	C:\Windows\SYSTEM32\CRYPTSP.dll
0x00007fff96710000 - 0x00007fff96744000 	C:\Windows\system32\rsaenh.dll
0x00007fff97820000 - 0x00007fff9784e000 	C:\Windows\SYSTEM32\USERENV.dll
0x00007fff97180000 - 0x00007fff9718c000 	C:\Windows\SYSTEM32\CRYPTBASE.dll
0x00007fff96c00000 - 0x00007fff96c3b000 	C:\Windows\SYSTEM32\IPHLPAPI.DLL
0x00007fff998e0000 - 0x00007fff998e8000 	C:\Windows\System32\NSI.dll
0x00007fff92a90000 - 0x00007fff92aa7000 	C:\Windows\SYSTEM32\dhcpcsvc6.DLL
0x00007fff92860000 - 0x00007fff9287d000 	C:\Windows\SYSTEM32\dhcpcsvc.DLL
0x00007fff96c50000 - 0x00007fff96d1a000 	C:\Windows\SYSTEM32\DNSAPI.dll
0x00007fff943c0000 - 0x00007fff943c7000 	C:\Windows\system32\wshunix.dll
0x00007fff8ede0000 - 0x00007fff8ede9000 	C:\Program Files\Android\Android Studio\jbr\bin\extnet.dll

dbghelp: loaded successfully - version: 4.0.5 - missing functions: none
symbol engine: initialized successfully - sym options: 0x614 - pdb path: .;C:\Program Files\Android\Android Studio\jbr\bin;C:\Windows\SYSTEM32;C:\Windows\WinSxS\amd64_microsoft.windows.common-controls_6595b64144ccf1df_6.0.19041.4355_none_60b8b9eb71f62e16;C:\Program Files\Android\Android Studio\jbr\bin\server

VM Arguments:
java_command: git4idea.http.GitAskPassApp Username for 'https://github.com': 
java_class_path (initial): C:/Program Files/Android/Android Studio/plugins/vcs-git/lib/git4idea-rt.jar;C:/Program Files/Android/Android Studio/lib/externalProcess-rt.jar
Launcher Type: SUN_STANDARD

[Global flags]
     intx CICompilerCount                          = 4                                         {product} {ergonomic}
     uint ConcGCThreads                            = 2                                         {product} {ergonomic}
     uint G1ConcRefinementThreads                  = 8                                         {product} {ergonomic}
   size_t G1HeapRegionSize                         = 1048576                                   {product} {ergonomic}
    uintx GCDrainStackTargetSize                   = 64                                        {product} {ergonomic}
   size_t InitialHeapSize                          = 134217728                                 {product} {ergonomic}
   size_t MarkStackSize                            = 4194304                                   {product} {ergonomic}
   size_t MaxHeapSize                              = 2120220672                                {product} {ergonomic}
   size_t MaxNewSize                               = 1271922688                                {product} {ergonomic}
   size_t MinHeapDeltaBytes                        = 1048576                                   {product} {ergonomic}
   size_t MinHeapSize                              = 8388608                                   {product} {ergonomic}
    uintx NonNMethodCodeHeapSize                   = 5839372                                {pd product} {ergonomic}
    uintx NonProfiledCodeHeapSize                  = 122909434                              {pd product} {ergonomic}
    uintx ProfiledCodeHeapSize                     = 122909434                              {pd product} {ergonomic}
    uintx ReservedCodeCacheSize                    = 251658240                              {pd product} {ergonomic}
     bool SegmentedCodeCache                       = true                                      {product} {ergonomic}
   size_t SoftMaxHeapSize                          = 2120220672                             {manageable} {ergonomic}
     bool UseCompressedClassPointers               = true                           {product lp64_product} {ergonomic}
     bool UseCompressedOops                        = true                           {product lp64_product} {ergonomic}
     bool UseG1GC                                  = true                                      {product} {ergonomic}
     bool UseLargePagesIndividualAllocation        = false                                  {pd product} {ergonomic}

Logging:
Log output configuration:
 #0: stdout all=warning uptime,level,tags
 #1: stderr all=off uptime,level,tags

Environment Variables:
PATH=C:/Users/WAzmy/AppData/Local/Programs/Git/mingw64/libexec/git-core;C:/Users/WAzmy/AppData/Local/Programs/Git/mingw64/libexec/git-core;C:\Users\WAzmy\AppData\Local\Programs\Git\mingw64\bin;C:\Users\WAzmy\AppData\Local\Programs\Git\usr\bin;C:\Users\WAzmy\bin;C:\Python312\Scripts\;C:\Python312\;C:\Windows\system32;C:\Windows;C:\Windows\System32\Wbem;C:\Windows\System32\WindowsPowerShell\v1.0\;C:\Windows\System32\OpenSSH\;C:\Program Files\Microsoft SQL Server\150\Tools\Binn\;C:\Program Files\Microsoft SQL Server\Client SDK\ODBC\170\Tools\Binn\;C:\Program Files\dotnet\;C:\Program Files\nodejs\;C:\ProgramData\chocolatey\bin;C:\Program Files (x86)\Windows Kits\10\Windows Performance Toolkit\;C:\Users\WAzmy\AppData\Local\Programs\Python\Launcher\;C:\Users\WAzmy\AppData\Local\Microsoft\WindowsApps;C:\Users\WAzmy\.dotnet\tools;C:\Users\WAzmy\AppData\Local\Programs\Microsoft VS Code\bin;C:\Users\WAzmy\AppData\Roaming\npm;C:\Users\WAzmy\AppData\Local\Programs\Git\cmd
USERNAME=WAzmy
DISPLAY=:0.0
LC_ALL=en_US.UTF-8
TERM=xterm-256color
TMPDIR=C:\Users\WAzmy\AppData\Local\Temp
OS=Windows_NT
PROCESSOR_IDENTIFIER=Intel64 Family 6 Model 142 Stepping 10, GenuineIntel
TMP=C:\Users\WAzmy\AppData\Local\Temp
TEMP=C:\Users\WAzmy\AppData\Local\Temp



Periodic native trim disabled

JNI global refs:
JNI global refs: 19, weak refs: 0

JNI global refs memory usage: 843, weak refs: 209

OOME stack traces (most recent first):
Classloader memory used:
Loader bootstrap                                                                       : 1520K
Loader jdk.internal.loader.ClassLoaders$PlatformClassLoader                            : 65187B
Loader jdk.internal.loader.ClassLoaders$AppClassLoader                                 : 1808B


---------------  S Y S T E M  ---------------

OS:
 Windows 10 , 64 bit Build 19041 (10.0.19041.4597)
OS uptime: 5 days 17:33 hours

CPU: total 8 (initial active 8) (4 cores per cpu, 2 threads per core) family 6 model 142 stepping 10 microcode 0xf0, cx8, cmov, fxsr, ht, mmx, 3dnowpref, sse, sse2, sse3, ssse3, sse4.1, sse4.2, popcnt, lzcnt, tsc, tscinvbit, avx, avx2, aes, erms, clmul, bmi1, bmi2, adx, fma, vzeroupper, clflush, clflushopt
Processor Information for all 8 processors :
  Max Mhz: 1992, Current Mhz: 1792, Mhz Limit: 1792

Memory: 4k page, system-wide physical 8083M (57M free)
TotalPageFile size 20083M (AvailPageFile size 3M)
current process WorkingSet (physical memory assigned to process): 56M, peak: 56M
current process commit charge ("private bytes"): 218M, peak: 219M

vm_info: OpenJDK 64-Bit Server VM (17.0.10+0--11609105) for windows-amd64 JRE (17.0.10+0--11609105), built on Mar 21 2024 19:10:56 by "androidbuild" with MS VC++ 16.10 / 16.11 (VS2019)

END.
